"../../../../../../Users/Vurhd/Documents/Unreal Projects/BlockBreaker 4.20/Content/BlockBreaker/Blueprints/lights.uasset" 0
"../../../../../../Users/Vurhd/Documents/Unreal Projects/BlockBreaker 4.20/Content/BlockBreaker/Blueprints/redreee.uasset" 1
"../../../../../../Users/Vurhd/Documents/Unreal Projects/BlockBreaker 4.20/Content/BlockBreaker/Blueprints/redreee_Brush.uasset" 2
"../../../../../../Users/Vurhd/Documents/Unreal Projects/BlockBreaker 4.20/Content/BlockBreaker/Blueprints/redscreen.uasset" 3
"../../../../../../Users/Vurhd/Documents/Unreal Projects/BlockBreaker 4.20/Content/BlockBreaker/Blueprints/YouDied.uasset" 4
"../../../../../../Users/Vurhd/Documents/Unreal Projects/BlockBreaker 4.20/Content/BlockBreaker/Maps/TutorialMap_BuiltData.uasset" 5
"../../../../../../Users/Vurhd/Documents/Unreal Projects/BlockBreaker 4.20/Content/BlockBreaker/Materials/defualt.uasset" 6
"../../../../../../Users/Vurhd/Documents/Unreal Projects/BlockBreaker 4.20/Content/BlockBreaker/Materials/M_Base.uasset" 7
"../../../../../../Users/Vurhd/Documents/Unreal Projects/BlockBreaker 4.20/Content/BlockBreaker/Materials/MI_Target.uasset" 8
"../../../../../../Users/Vurhd/Documents/Unreal Projects/BlockBreaker 4.20/Content/BlockBreaker/Materials/raptor.uasset" 9
"../../../../../../Users/Vurhd/Documents/Unreal Projects/BlockBreaker 4.20/Content/BlockBreaker/Materials/raptor_Mat.uasset" 10
"../../../../../../Users/Vurhd/Documents/Unreal Projects/BlockBreaker 4.20/Content/BlockBreaker/Meshes/SM_Cube.uasset" 11
"../../../../../../Users/Vurhd/Documents/Unreal Projects/BlockBreaker 4.20/Content/ParagonMinions/Characters/Minions/White_Camp_Minion/Meshes/Orion_Proto_Retarget.uasset" 12
"../../../../../../Users/Vurhd/Documents/Unreal Projects/BlockBreaker 4.20/Content/ParagonMinions/Characters/Minions/White_Camp_Minion/Meshes/Minion_Skeleton.uasset" 13
"../../../../../../Users/Vurhd/Documents/Unreal Projects/BlockBreaker 4.20/Content/ParagonMinions/Characters/Buff/Buff_White/Animations/JungleMelee_Spawn_A.uasset" 14
"../../../../../../Users/Vurhd/Documents/Unreal Projects/BlockBreaker 4.20/Content/ParagonMinions/Characters/Buff/Buff_White/Animations/Melee_Attack_02_A.uasset" 15
"../../../../../../Users/Vurhd/Documents/Unreal Projects/BlockBreaker 4.20/Content/ParagonMinions/Characters/Buff/Buff_White/Animations/Melee_Attack_03_A.uasset" 16
"../../../../../../Users/Vurhd/Documents/Unreal Projects/BlockBreaker 4.20/Content/ParagonMinions/Characters/Buff/Buff_White/Animations/Melee_Attack_04_A.uasset" 17
"../../../../../../Users/Vurhd/Documents/Unreal Projects/BlockBreaker 4.20/Content/ParagonMinions/Characters/Buff/Buff_White/Animations/Melee_Attack_05_A.uasset" 18
"../../../../../../Users/Vurhd/Documents/Unreal Projects/BlockBreaker 4.20/Content/ParagonMinions/Characters/Buff/Buff_White/Animations/Melee_Attack_06_A.uasset" 19
"../../../../../../Users/Vurhd/Documents/Unreal Projects/BlockBreaker 4.20/Content/ParagonMinions/Characters/Buff/Buff_White/Animations/Melee_Death_Bwd_01_A.uasset" 20
"../../../../../../Users/Vurhd/Documents/Unreal Projects/BlockBreaker 4.20/Content/ParagonMinions/Characters/Buff/Buff_White/Animations/Melee_Death_Bwd_02_A.uasset" 21
"../../../../../../Users/Vurhd/Documents/Unreal Projects/BlockBreaker 4.20/Content/ParagonMinions/Characters/Buff/Buff_White/Animations/Melee_Death_Fwd_01_A.uasset" 22
"../../../../../../Users/Vurhd/Documents/Unreal Projects/BlockBreaker 4.20/Content/ParagonMinions/Characters/Buff/Buff_White/Animations/Melee_Death_Fwd_02_A.uasset" 23
"../../../../../../Users/Vurhd/Documents/Unreal Projects/BlockBreaker 4.20/Content/ParagonMinions/Characters/Buff/Buff_White/Animations/Melee_Hit_Back_04_A.uasset" 24
"../../../../../../Users/Vurhd/Documents/Unreal Projects/BlockBreaker 4.20/Content/ParagonMinions/Characters/Buff/Buff_White/Animations/Melee_Hit_Front_05_A.uasset" 25
"../../../../../../Users/Vurhd/Documents/Unreal Projects/BlockBreaker 4.20/Content/ParagonMinions/Characters/Buff/Buff_White/Animations/Melee_Hit_Left_02_A.uasset" 26
"../../../../../../Users/Vurhd/Documents/Unreal Projects/BlockBreaker 4.20/Content/ParagonMinions/Characters/Buff/Buff_White/Animations/Melee_Hit_Right_02_A.uasset" 27
"../../../../../../Users/Vurhd/Documents/Unreal Projects/BlockBreaker 4.20/Content/ParagonMinions/Characters/Buff/Buff_White/Animations/Melee_Idle_A_Portrait.uasset" 28
"../../../../../../Users/Vurhd/Documents/Unreal Projects/BlockBreaker 4.20/Content/ParagonMinions/Characters/Buff/Buff_White/Animations/Melee_Idle_B.uasset" 29
"../../../../../../Users/Vurhd/Documents/Unreal Projects/BlockBreaker 4.20/Content/ParagonMinions/Characters/Buff/Buff_White/Animations/Melee_Idle_C.uasset" 30
"../../../../../../Users/Vurhd/Documents/Unreal Projects/BlockBreaker 4.20/Content/ParagonMinions/Characters/Buff/Buff_White/Animations/Melee_Knock_Bwd_01_A.uasset" 31
"../../../../../../Users/Vurhd/Documents/Unreal Projects/BlockBreaker 4.20/Content/ParagonMinions/Characters/Buff/Buff_White/Animations/Melee_Knock_Bwd_02_A.uasset" 32
"../../../../../../Users/Vurhd/Documents/Unreal Projects/BlockBreaker 4.20/Content/ParagonMinions/Characters/Buff/Buff_White/Animations/Melee_Knock_Bwd_03_A.uasset" 33
"../../../../../../Users/Vurhd/Documents/Unreal Projects/BlockBreaker 4.20/Content/ParagonMinions/Characters/Buff/Buff_White/Animations/Melee_Knock_Fwd_01_A.uasset" 34
"../../../../../../Users/Vurhd/Documents/Unreal Projects/BlockBreaker 4.20/Content/ParagonMinions/Characters/Buff/Buff_White/Animations/Melee_Knock_Fwd_02_A.uasset" 35
"../../../../../../Users/Vurhd/Documents/Unreal Projects/BlockBreaker 4.20/Content/ParagonMinions/Characters/Buff/Buff_White/Animations/Melee_Knock_Fwd_03_A.uasset" 36
"../../../../../../Users/Vurhd/Documents/Unreal Projects/BlockBreaker 4.20/Content/ParagonMinions/Characters/Buff/Buff_White/Animations/Melee_Knock_Up_01_A.uasset" 37
"../../../../../../Users/Vurhd/Documents/Unreal Projects/BlockBreaker 4.20/Content/ParagonMinions/Characters/Buff/Buff_White/Animations/Melee_Knock_Up_02_A.uasset" 38
"../../../../../../Users/Vurhd/Documents/Unreal Projects/BlockBreaker 4.20/Content/ParagonMinions/Characters/Buff/Buff_White/Animations/Melee_Knock_Up_03_A.uasset" 39
"../../../../../../Users/Vurhd/Documents/Unreal Projects/BlockBreaker 4.20/Content/ParagonMinions/Characters/Buff/Buff_White/Animations/Melee_Spawn_A.uasset" 40
"../../../../../../Users/Vurhd/Documents/Unreal Projects/BlockBreaker 4.20/Content/ParagonMinions/Characters/Buff/Buff_White/Animations/Melee_Sprint_Bwd_A.uasset" 41
"../../../../../../Users/Vurhd/Documents/Unreal Projects/BlockBreaker 4.20/Content/ParagonMinions/Characters/Buff/Buff_White/Animations/Melee_Sprint_Forward.uasset" 42
"../../../../../../Users/Vurhd/Documents/Unreal Projects/BlockBreaker 4.20/Content/ParagonMinions/Characters/Buff/Buff_White/Animations/Melee_Sprint_Left_A.uasset" 43
"../../../../../../Users/Vurhd/Documents/Unreal Projects/BlockBreaker 4.20/Content/ParagonMinions/Characters/Buff/Buff_White/Animations/Melee_Sprint_Right_A.uasset" 44
"../../../../../../Users/Vurhd/Documents/Unreal Projects/BlockBreaker 4.20/Content/ParagonMinions/Characters/Buff/Buff_White/Animations/Melee_Stun_01_B.uasset" 45
"../../../../../../Users/Vurhd/Documents/Unreal Projects/BlockBreaker 4.20/Content/ParagonMinions/Characters/Buff/Buff_White/Animations/Melee_Stun_02_B.uasset" 46
"../../../../../../Users/Vurhd/Documents/Unreal Projects/BlockBreaker 4.20/Content/ParagonMinions/Characters/Buff/Buff_White/Animations/Melee_Stun_03_B.uasset" 47
"../../../Engine/Content/Functions/Engine_MaterialFunctions01/Opacity/CameraDepthFade.uasset" 48
"../../../Engine/Content/EngineMaterials/T_Default_Material_Grid_M.uasset" 49
"../../../Engine/Content/EngineMaterials/T_Default_Material_Grid_N.uasset" 50
"../../../Engine/Content/EngineMaterials/WorldGridMaterial.uasset" 51
"../../../Engine/Content/ArtTools/RenderToTexture/Meshes/S_1_Unit_Plane.uasset" 52
"../../../Engine/Content/EngineMaterials/DefaultMaterial.uasset" 53
"../../../Engine/Content/BasicShapes/Cone.uasset" 54
"../../../Engine/Content/BasicShapes/Cube.uasset" 55
"../../../Engine/Content/BasicShapes/Cylinder.uasset" 56
"../../../Engine/Content/BasicShapes/Plane.uasset" 57
"../../../Engine/Content/BasicShapes/Sphere.uasset" 58
"../../../Engine/Content/EditorLandscapeResources/DataLayer.uasset" 59
"../../../Engine/Content/EditorMaterials/GizmoMaterial.uasset" 60
"../../../Engine/Content/EditorMaterials/MAT_Groups_Toggle.uasset" 61
"../../../Engine/Content/EditorMaterials/MAT_Groups_Visibility.uasset" 62
"../../../Engine/Content/EditorMaterials/PreviewShadowIndicator.uasset" 63
"../../../Engine/Content/EditorMaterials/PreviewShadowIndicatorMaterial.uasset" 64
"../../../Engine/Content/EditorMaterials/MatineeGroups/MAT_ColorTrack.uasset" 65
"../../../Engine/Content/EditorMaterials/MatineeGroups/MAT_Groups_Anim.uasset" 66
"../../../Engine/Content/EditorMaterials/MatineeGroups/MAT_Groups_AudioMaster.uasset" 67
"../../../Engine/Content/EditorMaterials/MatineeGroups/MAT_Groups_Director.uasset" 68
"../../../Engine/Content/EditorMaterials/MatineeGroups/MAT_Groups_Event.uasset" 69
"../../../Engine/Content/EditorMaterials/MatineeGroups/MAT_Groups_Fade.uasset" 70
"../../../Engine/Content/EditorMaterials/MatineeGroups/MAT_Groups_Float.uasset" 71
"../../../Engine/Content/EditorMaterials/MatineeGroups/MAT_Groups_Move.uasset" 72
"../../../Engine/Content/EditorMaterials/MatineeGroups/MAT_Groups_Slomo.uasset" 73
"../../../Engine/Content/EditorMaterials/MatineeGroups/MAT_Groups_Sound.uasset" 74
"../../../Engine/Content/EditorMaterials/MatineeGroups/MAT_Groups_Vector.uasset" 75
"../../../Engine/Content/EditorMaterials/ParticleSystems/PSysThumbnail_NoImage.uasset" 76
"../../../Engine/Content/EditorMaterials/ParticleSystems/PSysThumbnail_OOD.uasset" 77
"../../../Engine/Content/EditorMaterials/Camera/CineMat.uasset" 78
"../../../Engine/Content/EditorMaterials/Camera/MI_CineMat_Rig.uasset" 79
"../../../Engine/Content/EditorMeshes/Camera/SM_CraneRig_Arm.uasset" 80
"../../../Engine/Content/EditorMeshes/Camera/SM_CraneRig_Base.uasset" 81
"../../../Engine/Content/EditorMeshes/Camera/SM_CraneRig_Body.uasset" 82
"../../../Engine/Content/EditorMeshes/Camera/SM_CraneRig_Mount.uasset" 83
"../../../Engine/Content/EditorMeshes/Camera/SM_RailRig_Mount.uasset" 84
"../../../Engine/Content/EditorMeshes/Camera/SM_RailRig_Track.uasset" 85
"../../../Engine/Content/EditorResources/BSPVertex.uasset" 86
"../../../Engine/Content/EditorResources/EmptyActor.uasset" 87
"../../../Engine/Content/EditorResources/S_Actor.uasset" 88
"../../../Engine/Content/EditorResources/S_Trigger.uasset" 89
"../../../Engine/Content/EditorResources/SequenceRecorder/Countdown.uasset" 90
"../../../Engine/Content/EditorResources/SequenceRecorder/RecordingIndicator.uasset" 91
"../../../Engine/Content/EditorSounds/Notifications/CompileFailed.uasset" 92
"../../../Engine/Content/EditorSounds/Notifications/CompileFailed_Cue.uasset" 93
"../../../Engine/Content/EditorSounds/Notifications/CompileSuccess.uasset" 94
"../../../Engine/Content/EditorSounds/Notifications/CompileStart_Cue.uasset" 95
"../../../Engine/Content/EditorSounds/Notifications/CompileSuccess_Cue.uasset" 96
"../../../Engine/Content/EngineDamageTypes/DmgTypeBP_Environmental.uasset" 97
"../../../Engine/Content/EngineDebugMaterials/HeatmapGradient.uasset" 98
"../../../Engine/Content/EngineDebugMaterials/BoneWeightMaterial.uasset" 99
"../../../Engine/Content/EngineDebugMaterials/ClothMaterial.uasset" 100
"../../../Engine/Content/EngineDebugMaterials/ClothMaterial_WF.uasset" 101
"../../../Engine/Content/EngineDebugMaterials/DebugEditorMaterial.uasset" 102
"../../../Engine/Content/EngineDebugMaterials/DebugMeshMaterial.uasset" 103
"../../../Engine/Content/EngineDebugMaterials/GeomMaterial.uasset" 104
"../../../Engine/Content/EngineDebugMaterials/M_SimpleTranslucent.uasset" 105
"../../../Engine/Content/EngineFonts/Faces/RobotoBold.uasset" 106
"../../../Engine/Content/EngineFonts/Faces/RobotoBoldItalic.uasset" 107
"../../../Engine/Content/EngineFonts/Faces/RobotoItalic.uasset" 108
"../../../Engine/Content/EngineFonts/Faces/RobotoLight.uasset" 109
"../../../Engine/Content/EngineFonts/Faces/RobotoRegular.uasset" 110
"../../../Engine/Content/EngineFonts/Roboto.uasset" 111
"../../../Engine/Content/EngineFonts/Faces/RobotoTiny.uasset" 112
"../../../Engine/Content/EngineFonts/RobotoTiny.uasset" 113
"../../../Engine/Content/EngineMaterials/BaseFlattenDiffuseMap.uasset" 114
"../../../Engine/Content/EngineMaterials/BaseFlattenEmissiveMap.uasset" 115
"../../../Engine/Content/EngineMaterials/BaseFlattenGrayscaleMap.uasset" 116
"../../../Engine/Content/EngineMaterials/BaseFlattenNormalMap.uasset" 117
"../../../Engine/Content/EngineMaterials/BaseFlattenMaterial.uasset" 118
"../../../Engine/Content/EngineMaterials/DefaultBloomKernel.uasset" 119
"../../../Engine/Content/EngineMaterials/DefaultBokeh.uasset" 120
"../../../Engine/Content/EngineMaterials/DefaultDiffuse.uasset" 121
"../../../Engine/Content/EngineMaterials/DefaultDeferredDecalMaterial.uasset" 122
"../../../Engine/Content/EngineMaterials/DefaultLightFunctionMaterial.uasset" 123
"../../../Engine/Content/EngineMaterials/DefaultPhysicalMaterial.uasset" 124
"../../../Engine/Content/Functions/Engine_MaterialFunctions02/Utility/BreakOutFloat2Components.uasset" 125
"../../../Engine/Content/EngineMaterials/DefaultPostProcessMaterial.uasset" 126
"../../../Engine/Content/EngineFonts/RobotoDistanceField.uasset" 127
"../../../Engine/Content/EngineMaterials/DefaultTextMaterialOpaque.uasset" 128
"../../../Engine/Content/EngineMaterials/DefaultWhiteGrid.uasset" 129
"../../../Engine/Content/EngineMaterials/EditorBrushMaterial.uasset" 130
"../../../Engine/Content/EngineMaterials/Good64x64TilingNoiseHighFreq.uasset" 131
"../../../Engine/Content/EngineMaterials/MiniFont.uasset" 132
"../../../Engine/Content/EngineMaterials/InvalidLightmapSettings.uasset" 133
"../../../Engine/Content/EngineMaterials/M_InvalidLightmapSettings.uasset" 134
"../../../Engine/Content/Functions/Engine_MaterialFunctions02/WorldPositionOffset/CameraOffset.uasset" 135
"../../../Engine/Content/EngineMaterials/PhAT_JointLimitMaterial.uasset" 136
"../../../Engine/Content/EngineMaterials/PreintegratedSkinBRDF.uasset" 137
"../../../Engine/Content/EngineMaterials/RemoveSurfaceMaterial.uasset" 138
"../../../Engine/Content/EngineMaterials/WeightMapPlaceholderTexture.uasset" 139
"../../../Engine/Content/EngineResources/WhiteSquareTexture.uasset" 140
"../../../Engine/Content/EngineMaterials/Widget3DPassThrough.uasset" 141
"../../../Engine/Content/EngineMaterials/Widget3DPassThrough_Masked.uasset" 142
"../../../Engine/Content/EngineMaterials/Widget3DPassThrough_Opaque.uasset" 143
"../../../Engine/Content/EngineMaterials/Widget3DPassThrough_Masked_OneSided.uasset" 144
"../../../Engine/Content/EngineMaterials/Widget3DPassThrough_Opaque_OneSided.uasset" 145
"../../../Engine/Content/EngineMaterials/Widget3DPassThrough_Translucent.uasset" 146
"../../../Engine/Content/EngineMaterials/Widget3DPassThrough_Translucent_OneSided.uasset" 147
"../../../Engine/Content/EngineMeshes/Cylinder.uasset" 148
"../../../Engine/Content/EngineMeshes/Sphere.uasset" 149
"../../../Engine/Content/EngineResources/Black.uasset" 150
"../../../Engine/Content/EngineResources/DefaultTexture.uasset" 151
"../../../Engine/Content/EngineResources/DefaultTextureCube.uasset" 152
"../../../Engine/Content/EngineResources/DefaultVolumeTexture2D.uasset" 153
"../../../Engine/Content/EngineResources/DefaultVolumeTexture.uasset" 154
"../../../Engine/Content/EngineResources/GradientTexture0.uasset" 155
"../../../Engine/Content/EngineSounds/Master.uasset" 156
"../../../Engine/Content/Functions/Engine_MaterialFunctions01/Shading/ConvertFromDiffSpec.uasset" 157
"../../../Engine/Content/Functions/Engine_MaterialFunctions01/Shading/PowerToRoughness.uasset" 158
"../../../Engine/Content/Maps/Templates/Thumbnails/Default.uasset" 159
"../../../Engine/Content/Maps/Templates/Thumbnails/VR-Basic.uasset" 160
"../../../Engine/Content/MobileResources/T_MobileControls_texture.uasset" 161
"../../../Engine/Content/MobileResources/T_MobileMenu2.uasset" 162
"../../../Engine/Content/MobileResources/HUD/AnalogHat.uasset" 163
"../../../Engine/Content/MobileResources/HUD/VirtualJoystick_Background.uasset" 164
"../../../Engine/Content/MobileResources/HUD/VirtualJoystick_Thumb.uasset" 165
"../../../Engine/Content/MobileResources/HUD/DefaultVirtualJoysticks.uasset" 166
"../../../Engine/Content/MobileResources/HUD/LeftVirtualJoystickOnly.uasset" 167
"../../../Engine/Content/MobileResources/HUD/MobileHUDButton1_off.uasset" 168
"../../../Engine/Content/MobileResources/HUD/MobileHUDButton1_on.uasset" 169
"../../../Engine/Content/MobileResources/HUD/MobileHUDButton2_off.uasset" 170
"../../../Engine/Content/MobileResources/HUD/MobileHUDButton2_on.uasset" 171
"../../../Engine/Content/MobileResources/HUD/MobileHUDButton3.uasset" 172
"../../../Engine/Content/MobileResources/HUD/MobileHUDButtonFire.uasset" 173
"../../../Engine/Content/MobileResources/HUD/MobileHUDDirectionPad.uasset" 174
"../../../Engine/Content/MobileResources/HUD/MobileHUDDirectionPad2.uasset" 175
"../../../Engine/Content/MobileResources/HUD/MobileHUDDirectionPad3.uasset" 176
"../../../Engine/Content/MobileResources/HUD/MobileHUDDirectionStick.uasset" 177
"../../../Engine/Content/MobileResources/HUD/T_Castle_ThumbstickInner.uasset" 178
"../../../Engine/Content/MobileResources/HUD/T_Castle_ThumbstickOutter.uasset" 179
"../../../Engine/Content/Tutorial/ContentIntroCurve.uasset" 180
"../../../Engine/Content/Tutorial/Basics/TutorialAssets/CameraActor_64x.uasset" 181
"../../../Engine/Content/Tutorial/Basics/TutorialAssets/icon_tab_Levels_40x.uasset" 182
"../../../Engine/Content/Tutorial/BlueprintTutorials/TutorialAssets/Blueprint_64x.uasset" 183
"../../../Engine/Content/VREditor/LaserPointer/VR_LaserPower_01.uasset" 184
"../../../Engine/Content/VREditor/TransformGizmo/TransformGizmoMaterial.uasset" 185
"../../../Engine/Content/VREditor/TransformGizmo/TranslucentTransformGizmoMaterial.uasset" 186
"../../../Engine/Content/VREditor/TransformGizmo/BoundingBoxCorner.uasset" 187
"../../../Engine/Content/VREditor/TransformGizmo/BoundingBoxEdge.uasset" 188
"../../../Engine/Content/VREditor/TransformGizmo/PlaneTranslationHandle.uasset" 189
"../../../Engine/Content/VREditor/TransformGizmo/Main.uasset" 190
"../../../Engine/Content/VREditor/TransformGizmo/Xray.uasset" 191
"../../../Engine/Content/VREditor/TransformGizmo/SM_Sequencer_Key.uasset" 192
"../../../Engine/Content/VREditor/TransformGizmo/SM_Sequencer_Node.uasset" 193
"../../Plugins/2D/Paper2D/Content/PlaceholderTextures/DummySpriteTexture.uasset" 194
"../../Plugins/2D/Paper2D/Content/DummySprite.uasset" 195
"../../Plugins/2D/Paper2D/Content/DefaultPaperTerrainMaterial.uasset" 196
"../../Plugins/2D/Paper2D/Content/DefaultSpriteMaterial.uasset" 197
"../../Plugins/2D/Paper2D/Content/MaskedUnlitSpriteMaterial.uasset" 198
"../../Plugins/2D/Paper2D/Content/OpaqueUnlitSpriteMaterial.uasset" 199
"../../Plugins/Runtime/Oculus/OculusVR/Content/Materials/PokeAHoleMaterial.uasset" 200
"../../Plugins/Runtime/Oculus/OculusVR/Content/Textures/GearVRController_AO.uasset" 201
"../../Plugins/Runtime/Oculus/OculusVR/Content/Textures/GearVRController_Color.uasset" 202
"../../Plugins/Runtime/Oculus/OculusVR/Content/Textures/GearVRController_Normal.uasset" 203
"../../Plugins/Runtime/Oculus/OculusVR/Content/Materials/GearVRControllerMaterial.uasset" 204
"../../Plugins/Runtime/Oculus/OculusVR/Content/Meshes/GearVrController.uasset" 205
"../../Plugins/Runtime/Oculus/OculusVR/Content/Textures/touchController_albedo.uasset" 206
"../../Plugins/Runtime/Oculus/OculusVR/Content/Textures/touchController_controlmap.uasset" 207
"../../Plugins/Runtime/Oculus/OculusVR/Content/Materials/touchController_mat.uasset" 208
"../../Plugins/Runtime/Oculus/OculusVR/Content/Meshes/LeftTouchController.uasset" 209
"../../Plugins/Runtime/Oculus/OculusVR/Content/Meshes/RiftHMD.uasset" 210
"../../Plugins/Runtime/Oculus/OculusVR/Content/Meshes/RightTouchController.uasset" 211
"../../../Engine/Content/EditorBlueprintResources/StandardMacros.uasset" 212
"../../../Engine/Content/EngineSky/C_Sky_Cloud_Color.uasset" 213
"../../../Engine/Content/EngineSky/C_Sky_Horizon_Color.uasset" 214
"../../../Engine/Content/EngineSky/C_Sky_Zenith_Color.uasset" 215
"../../../Engine/Content/EngineSky/T_Sky_Blue.uasset" 216
"../../../Engine/Content/EngineSky/T_Sky_Clouds_M.uasset" 217
"../../../Engine/Content/EngineSky/T_Sky_Stars.uasset" 218
"../../../Engine/Content/EngineSky/M_Sky_Panning_Clouds2.uasset" 219
"../../../Engine/Content/EngineSky/SM_SkySphere.uasset" 220
"../../../Engine/Content/EngineSky/BP_Sky_Sphere.uasset" 221
"../../../../../../Users/Vurhd/Documents/Unreal Projects/BlockBreaker 4.20/Content/ParagonMinions/Characters/Buff/Buff_White/Animations/Melee_Idle_A.uasset" 222
"../../../../../../Users/Vurhd/Documents/Unreal Projects/BlockBreaker 4.20/Content/ParagonMinions/Characters/Buff/Buff_White/Animations/Melee_Jog_Bwd_A.uasset" 223
"../../../../../../Users/Vurhd/Documents/Unreal Projects/BlockBreaker 4.20/Content/ParagonMinions/Characters/Buff/Buff_White/Animations/Melee_Jog_Left_A.uasset" 224
"../../../../../../Users/Vurhd/Documents/Unreal Projects/BlockBreaker 4.20/Content/ParagonMinions/Characters/Buff/Buff_White/Animations/Melee_Jog_Right_A.uasset" 225
"../../../../../../Users/Vurhd/Documents/Unreal Projects/BlockBreaker 4.20/Content/ParagonMinions/Characters/Buff/Buff_White/Animations/Melee_Run_Forward.uasset" 226
"../../../../../../Users/Vurhd/Documents/Unreal Projects/BlockBreaker 4.20/Content/ParagonMinions/Characters/Buff/Buff_White/Animations/Blendspaces/Melee_Idle_Jogs_Runs_BS_A.uasset" 227
"../../../../../../Users/Vurhd/Documents/Unreal Projects/BlockBreaker 4.20/Content/ParagonMinions/Characters/Buff/Buff_White/Animations/Melee_Attack_01_A.uasset" 228
"../../../../../../Users/Vurhd/Documents/Unreal Projects/BlockBreaker 4.20/Content/BlockBreaker/Blueprints/Actualthing/MIniondATA.uasset" 229
"../../../../../../Users/Vurhd/Documents/Unreal Projects/BlockBreaker 4.20/Content/BlockBreaker/Blueprints/Actualthing/RemoveHealth.uasset" 230
"../../../../../../Users/Vurhd/Documents/Unreal Projects/BlockBreaker 4.20/Content/BlockBreaker/Blueprints/Actualthing/StopIfDead.uasset" 231
"../../../../../../Users/Vurhd/Documents/Unreal Projects/BlockBreaker 4.20/Content/BlockBreaker/Blueprints/Actualthing/MinionGoto.uasset" 232
"../../../../../../Users/Vurhd/Documents/Unreal Projects/BlockBreaker 4.20/Content/BlockBreaker/Blueprints/Actualthing/MInionAi.uasset" 233
"../../../../../../Users/Vurhd/Documents/Unreal Projects/BlockBreaker 4.20/Content/BlockBreaker/Blueprints/Actualthing/RegularMinion.uasset" 234
"../../../../../../Users/Vurhd/Documents/Unreal Projects/BlockBreaker 4.20/Content/BlockBreaker/Blueprints/Actualthing/RegularMinion_mat.uasset" 235
"../../../../../../Users/Vurhd/Documents/Unreal Projects/BlockBreaker 4.20/Content/BlockBreaker/Blueprints/M4A1_Single-Kibblesbob-8540445.uasset" 236
"../../../Engine/Content/Functions/Engine_MaterialFunctions01/Density/ExponentialDensity.uasset" 237
"../../../Engine/Content/Functions/Engine_MaterialFunctions01/Gradient/RadialGradientExponential.uasset" 238
"../../../../../../Users/Vurhd/Documents/Unreal Projects/BlockBreaker 4.20/Content/BlockBreaker/ParticleSystems/M_Circle.uasset" 239
"../../../../../../Users/Vurhd/Documents/Unreal Projects/BlockBreaker 4.20/Content/BlockBreaker/ParticleSystems/PS_BulletImpact.uasset" 240
"../../../../../../Users/Vurhd/Documents/Unreal Projects/BlockBreaker 4.20/Content/BlockBreaker/Blueprints/BP_BaseGun.uasset" 241
"../../../../../../Users/Vurhd/Documents/Unreal Projects/BlockBreaker 4.20/Content/BlockBreaker/Textures/T_Gun.uasset" 242
"../../../../../../Users/Vurhd/Documents/Unreal Projects/BlockBreaker 4.20/Content/BlockBreaker/Materials/M_Gun.uasset" 243
"../../../../../../Users/Vurhd/Documents/Unreal Projects/BlockBreaker 4.20/Content/BlockBreaker/Meshes/SM_Rifle.uasset" 244
"../../../../../../Users/Vurhd/Documents/Unreal Projects/BlockBreaker 4.20/Content/BlockBreaker/Blueprints/BP_Rifle.uasset" 245
"../../../../../../Users/Vurhd/Documents/Unreal Projects/BlockBreaker 4.20/Content/BlockBreaker/Materials/MI_Button.uasset" 246
"../../../../../../Users/Vurhd/Documents/Unreal Projects/BlockBreaker 4.20/Content/BlockBreaker/Blueprints/UiHealth.uasset" 247
"../../../../../../Users/Vurhd/Documents/Unreal Projects/BlockBreaker 4.20/Content/ParagonMinions/Characters/Minions/White_Camp_Minion/Meshes/Minion_CylShadows.uasset" 248
"../../../../../../Users/Vurhd/Documents/Unreal Projects/BlockBreaker 4.20/Content/ParagonMinions/Characters/Minions/White_Camp_Minion/Meshes/Minion_melee.uasset" 249
"../../../../../../Users/Vurhd/Documents/Unreal Projects/BlockBreaker 4.20/Content/BlockBreaker/Blueprints/Actualthing/Minion.uasset" 250
"../../../../../../Users/Vurhd/Documents/Unreal Projects/BlockBreaker 4.20/Content/BlockBreaker/Blueprints/Actualthing/WhiteAnimation.uasset" 251
"../../../../../../Users/Vurhd/Documents/Unreal Projects/BlockBreaker 4.20/Content/BlockBreaker/Blueprints/Actualthing/BigMinion.uasset" 252
"../../../../../../Users/Vurhd/Documents/Unreal Projects/BlockBreaker 4.20/Content/BlockBreaker/Blueprints/MInionSpawner.uasset" 253
"../../../../../../Users/Vurhd/Documents/Unreal Projects/BlockBreaker 4.20/Content/BlockBreaker/Meshes/SM_Shotgun.uasset" 254
"../../../../../../Users/Vurhd/Documents/Unreal Projects/BlockBreaker 4.20/Content/BlockBreaker/Blueprints/Shotgun.uasset" 255
"../../../../../../Users/Vurhd/Documents/Unreal Projects/BlockBreaker 4.20/Content/BlockBreaker/Blueprints/You_died_screen__dark_souls_.uasset" 256
"../../../../../../Users/Vurhd/Documents/Unreal Projects/BlockBreaker 4.20/Content/BlockBreaker/Blueprints/NewMediaPlayer.uasset" 257
"../../../../../../Users/Vurhd/Documents/Unreal Projects/BlockBreaker 4.20/Content/BlockBreaker/Blueprints/NewMediaPlayer_Video.uasset" 258
"../../../../../../Users/Vurhd/Documents/Unreal Projects/BlockBreaker 4.20/Content/BlockBreaker/Blueprints/WpB_restoart.uasset" 259
"../../../../../../Users/Vurhd/Documents/Unreal Projects/BlockBreaker 4.20/Content/BlockBreaker/Blueprints/BP_Player.uasset" 260
"../../../../../../Users/Vurhd/Documents/Unreal Projects/BlockBreaker 4.20/Content/BlockBreaker/Textures/T_Reticle.uasset" 261
"../../../../../../Users/Vurhd/Documents/Unreal Projects/BlockBreaker 4.20/Content/BlockBreaker/Materials/M_Reticle.uasset" 262
"../../../../../../Users/Vurhd/Documents/Unreal Projects/BlockBreaker 4.20/Content/BlockBreaker/UI/WBP_Reticle.uasset" 263
"../../../../../../Users/Vurhd/Documents/Unreal Projects/BlockBreaker 4.20/Content/BlockBreaker/Blueprints/GM_Tutorial.uasset" 264
"../../../../../../Users/Vurhd/Documents/Unreal Projects/BlockBreaker 4.20/Content/BlockBreaker/Materials/MI_Ceiling.uasset" 265
"../../../../../../Users/Vurhd/Documents/Unreal Projects/BlockBreaker 4.20/Content/BlockBreaker/Meshes/SM_Wall.uasset" 266
"../../../../../../Users/Vurhd/Documents/Unreal Projects/BlockBreaker 4.20/Content/BlockBreaker/Maps/TutorialMap.umap" 267
"../../../Engine/Content/Maps/Entry_BuiltData.uasset" 268
"../../../Engine/Content/Maps/Entry.umap" 269
